<?xml version="1.0" encoding="UTF-8"?>
<testsuite xmlns:xsi="http://www.w3.org/2001/XMLSchema-instance" xsi:noNamespaceSchemaLocation="https://maven.apache.org/surefire/maven-surefire-plugin/xsd/surefire-test-report-3.0.xsd" version="3.0" name="com.example.configserver.ConfigServerApplicationTests" time="3.229" tests="1" errors="0" skipped="0" failures="0">
  <properties>
    <property name="java.specification.version" value="21"/>
    <property name="sun.jnu.encoding" value="UTF-8"/>
    <property name="java.class.path" value="/Users/rextro/Documents/Github Repository/Microservices SpringBoot/config-server/target/test-classes:/Users/rextro/Documents/Github Repository/Microservices SpringBoot/config-server/target/classes:/Users/rextro/.m2/repository/org/springframework/cloud/spring-cloud-config-server/4.0.4/spring-cloud-config-server-4.0.4.jar:/Users/rextro/.m2/repository/org/springframework/cloud/spring-cloud-config-client/4.0.4/spring-cloud-config-client-4.0.4.jar:/Users/rextro/.m2/repository/org/springframework/boot/spring-boot-autoconfigure/3.1.7/spring-boot-autoconfigure-3.1.7.jar:/Users/rextro/.m2/repository/org/springframework/cloud/spring-cloud-commons/4.0.4/spring-cloud-commons-4.0.4.jar:/Users/rextro/.m2/repository/org/springframework/cloud/spring-cloud-context/4.0.4/spring-cloud-context-4.0.4.jar:/Users/rextro/.m2/repository/org/springframework/spring-web/6.0.15/spring-web-6.0.15.jar:/Users/rextro/.m2/repository/org/springframework/spring-beans/6.0.15/spring-beans-6.0.15.jar:/Users/rextro/.m2/repository/com/fasterxml/jackson/core/jackson-annotations/2.15.3/jackson-annotations-2.15.3.jar:/Users/rextro/.m2/repository/com/fasterxml/jackson/core/jackson-databind/2.15.3/jackson-databind-2.15.3.jar:/Users/rextro/.m2/repository/io/micrometer/micrometer-observation/1.11.7/micrometer-observation-1.11.7.jar:/Users/rextro/.m2/repository/io/micrometer/micrometer-commons/1.11.7/micrometer-commons-1.11.7.jar:/Users/rextro/.m2/repository/org/springframework/boot/spring-boot-starter-web/3.1.7/spring-boot-starter-web-3.1.7.jar:/Users/rextro/.m2/repository/org/springframework/boot/spring-boot-starter-json/3.1.7/spring-boot-starter-json-3.1.7.jar:/Users/rextro/.m2/repository/com/fasterxml/jackson/datatype/jackson-datatype-jdk8/2.15.3/jackson-datatype-jdk8-2.15.3.jar:/Users/rextro/.m2/repository/com/fasterxml/jackson/datatype/jackson-datatype-jsr310/2.15.3/jackson-datatype-jsr310-2.15.3.jar:/Users/rextro/.m2/repository/com/fasterxml/jackson/module/jackson-module-parameter-names/2.15.3/jackson-module-parameter-names-2.15.3.jar:/Users/rextro/.m2/repository/org/springframework/boot/spring-boot-starter-tomcat/3.1.7/spring-boot-starter-tomcat-3.1.7.jar:/Users/rextro/.m2/repository/org/apache/tomcat/embed/tomcat-embed-core/10.1.17/tomcat-embed-core-10.1.17.jar:/Users/rextro/.m2/repository/org/apache/tomcat/embed/tomcat-embed-websocket/10.1.17/tomcat-embed-websocket-10.1.17.jar:/Users/rextro/.m2/repository/org/springframework/spring-webmvc/6.0.15/spring-webmvc-6.0.15.jar:/Users/rextro/.m2/repository/org/springframework/spring-aop/6.0.15/spring-aop-6.0.15.jar:/Users/rextro/.m2/repository/org/springframework/spring-context/6.0.15/spring-context-6.0.15.jar:/Users/rextro/.m2/repository/org/springframework/spring-expression/6.0.15/spring-expression-6.0.15.jar:/Users/rextro/.m2/repository/org/springframework/boot/spring-boot-starter-validation/3.1.7/spring-boot-starter-validation-3.1.7.jar:/Users/rextro/.m2/repository/org/apache/tomcat/embed/tomcat-embed-el/10.1.17/tomcat-embed-el-10.1.17.jar:/Users/rextro/.m2/repository/org/hibernate/validator/hibernate-validator/8.0.1.Final/hibernate-validator-8.0.1.Final.jar:/Users/rextro/.m2/repository/jakarta/validation/jakarta.validation-api/3.0.2/jakarta.validation-api-3.0.2.jar:/Users/rextro/.m2/repository/org/jboss/logging/jboss-logging/3.5.3.Final/jboss-logging-3.5.3.Final.jar:/Users/rextro/.m2/repository/com/fasterxml/classmate/1.5.1/classmate-1.5.1.jar:/Users/rextro/.m2/repository/org/springframework/security/spring-security-crypto/6.1.6/spring-security-crypto-6.1.6.jar:/Users/rextro/.m2/repository/org/springframework/security/spring-security-rsa/1.0.12.RELEASE/spring-security-rsa-1.0.12.RELEASE.jar:/Users/rextro/.m2/repository/org/bouncycastle/bcpkix-jdk18on/1.73/bcpkix-jdk18on-1.73.jar:/Users/rextro/.m2/repository/org/bouncycastle/bcprov-jdk18on/1.73/bcprov-jdk18on-1.73.jar:/Users/rextro/.m2/repository/org/bouncycastle/bcutil-jdk18on/1.73/bcutil-jdk18on-1.73.jar:/Users/rextro/.m2/repository/org/apache/httpcomponents/client5/httpclient5/5.2.3/httpclient5-5.2.3.jar:/Users/rextro/.m2/repository/org/apache/httpcomponents/core5/httpcore5/5.2.4/httpcore5-5.2.4.jar:/Users/rextro/.m2/repository/org/apache/httpcomponents/core5/httpcore5-h2/5.2.4/httpcore5-h2-5.2.4.jar:/Users/rextro/.m2/repository/org/slf4j/slf4j-api/2.0.9/slf4j-api-2.0.9.jar:/Users/rextro/.m2/repository/org/eclipse/jgit/org.eclipse.jgit/6.4.0.202211300538-r/org.eclipse.jgit-6.4.0.202211300538-r.jar:/Users/rextro/.m2/repository/com/googlecode/javaewah/JavaEWAH/1.1.13/JavaEWAH-1.1.13.jar:/Users/rextro/.m2/repository/org/eclipse/jgit/org.eclipse.jgit.http.apache/6.4.0.202211300538-r/org.eclipse.jgit.http.apache-6.4.0.202211300538-r.jar:/Users/rextro/.m2/repository/org/apache/httpcomponents/httpclient/4.5.13/httpclient-4.5.13.jar:/Users/rextro/.m2/repository/commons-logging/commons-logging/1.2/commons-logging-1.2.jar:/Users/rextro/.m2/repository/commons-codec/commons-codec/1.15/commons-codec-1.15.jar:/Users/rextro/.m2/repository/org/apache/httpcomponents/httpcore/4.4.16/httpcore-4.4.16.jar:/Users/rextro/.m2/repository/org/eclipse/jgit/org.eclipse.jgit.ssh.apache/6.4.0.202211300538-r/org.eclipse.jgit.ssh.apache-6.4.0.202211300538-r.jar:/Users/rextro/.m2/repository/org/apache/sshd/sshd-osgi/2.9.2/sshd-osgi-2.9.2.jar:/Users/rextro/.m2/repository/org/slf4j/jcl-over-slf4j/2.0.9/jcl-over-slf4j-2.0.9.jar:/Users/rextro/.m2/repository/org/apache/sshd/sshd-sftp/2.9.2/sshd-sftp-2.9.2.jar:/Users/rextro/.m2/repository/org/apache/sshd/sshd-core/2.9.2/sshd-core-2.9.2.jar:/Users/rextro/.m2/repository/org/apache/sshd/sshd-common/2.9.2/sshd-common-2.9.2.jar:/Users/rextro/.m2/repository/net/i2p/crypto/eddsa/0.3.0/eddsa-0.3.0.jar:/Users/rextro/.m2/repository/org/yaml/snakeyaml/1.33/snakeyaml-1.33.jar:/Users/rextro/.m2/repository/com/fasterxml/jackson/dataformat/jackson-dataformat-yaml/2.15.3/jackson-dataformat-yaml-2.15.3.jar:/Users/rextro/.m2/repository/com/fasterxml/jackson/core/jackson-core/2.15.3/jackson-core-2.15.3.jar:/Users/rextro/.m2/repository/org/springframework/boot/spring-boot-starter-test/3.1.7/spring-boot-starter-test-3.1.7.jar:/Users/rextro/.m2/repository/org/springframework/boot/spring-boot-starter/3.1.7/spring-boot-starter-3.1.7.jar:/Users/rextro/.m2/repository/org/springframework/boot/spring-boot/3.1.7/spring-boot-3.1.7.jar:/Users/rextro/.m2/repository/org/springframework/boot/spring-boot-starter-logging/3.1.7/spring-boot-starter-logging-3.1.7.jar:/Users/rextro/.m2/repository/ch/qos/logback/logback-classic/1.4.14/logback-classic-1.4.14.jar:/Users/rextro/.m2/repository/ch/qos/logback/logback-core/1.4.14/logback-core-1.4.14.jar:/Users/rextro/.m2/repository/org/apache/logging/log4j/log4j-to-slf4j/2.20.0/log4j-to-slf4j-2.20.0.jar:/Users/rextro/.m2/repository/org/apache/logging/log4j/log4j-api/2.20.0/log4j-api-2.20.0.jar:/Users/rextro/.m2/repository/org/slf4j/jul-to-slf4j/2.0.9/jul-to-slf4j-2.0.9.jar:/Users/rextro/.m2/repository/jakarta/annotation/jakarta.annotation-api/2.1.1/jakarta.annotation-api-2.1.1.jar:/Users/rextro/.m2/repository/org/springframework/boot/spring-boot-test/3.1.7/spring-boot-test-3.1.7.jar:/Users/rextro/.m2/repository/org/springframework/boot/spring-boot-test-autoconfigure/3.1.7/spring-boot-test-autoconfigure-3.1.7.jar:/Users/rextro/.m2/repository/com/jayway/jsonpath/json-path/2.8.0/json-path-2.8.0.jar:/Users/rextro/.m2/repository/jakarta/xml/bind/jakarta.xml.bind-api/4.0.1/jakarta.xml.bind-api-4.0.1.jar:/Users/rextro/.m2/repository/jakarta/activation/jakarta.activation-api/2.1.2/jakarta.activation-api-2.1.2.jar:/Users/rextro/.m2/repository/net/minidev/json-smart/2.4.11/json-smart-2.4.11.jar:/Users/rextro/.m2/repository/net/minidev/accessors-smart/2.4.11/accessors-smart-2.4.11.jar:/Users/rextro/.m2/repository/org/ow2/asm/asm/9.3/asm-9.3.jar:/Users/rextro/.m2/repository/org/assertj/assertj-core/3.24.2/assertj-core-3.24.2.jar:/Users/rextro/.m2/repository/net/bytebuddy/byte-buddy/1.14.10/byte-buddy-1.14.10.jar:/Users/rextro/.m2/repository/org/hamcrest/hamcrest/2.2/hamcrest-2.2.jar:/Users/rextro/.m2/repository/org/junit/jupiter/junit-jupiter/5.9.3/junit-jupiter-5.9.3.jar:/Users/rextro/.m2/repository/org/junit/jupiter/junit-jupiter-api/5.9.3/junit-jupiter-api-5.9.3.jar:/Users/rextro/.m2/repository/org/opentest4j/opentest4j/1.2.0/opentest4j-1.2.0.jar:/Users/rextro/.m2/repository/org/junit/platform/junit-platform-commons/1.9.3/junit-platform-commons-1.9.3.jar:/Users/rextro/.m2/repository/org/apiguardian/apiguardian-api/1.1.2/apiguardian-api-1.1.2.jar:/Users/rextro/.m2/repository/org/junit/jupiter/junit-jupiter-params/5.9.3/junit-jupiter-params-5.9.3.jar:/Users/rextro/.m2/repository/org/junit/jupiter/junit-jupiter-engine/5.9.3/junit-jupiter-engine-5.9.3.jar:/Users/rextro/.m2/repository/org/junit/platform/junit-platform-engine/1.9.3/junit-platform-engine-1.9.3.jar:/Users/rextro/.m2/repository/org/mockito/mockito-core/5.3.1/mockito-core-5.3.1.jar:/Users/rextro/.m2/repository/net/bytebuddy/byte-buddy-agent/1.14.10/byte-buddy-agent-1.14.10.jar:/Users/rextro/.m2/repository/org/objenesis/objenesis/3.3/objenesis-3.3.jar:/Users/rextro/.m2/repository/org/mockito/mockito-junit-jupiter/5.3.1/mockito-junit-jupiter-5.3.1.jar:/Users/rextro/.m2/repository/org/skyscreamer/jsonassert/1.5.1/jsonassert-1.5.1.jar:/Users/rextro/.m2/repository/com/vaadin/external/google/android-json/0.0.20131108.vaadin1/android-json-0.0.20131108.vaadin1.jar:/Users/rextro/.m2/repository/org/springframework/spring-core/6.0.15/spring-core-6.0.15.jar:/Users/rextro/.m2/repository/org/springframework/spring-jcl/6.0.15/spring-jcl-6.0.15.jar:/Users/rextro/.m2/repository/org/springframework/spring-test/6.0.15/spring-test-6.0.15.jar:/Users/rextro/.m2/repository/org/xmlunit/xmlunit-core/2.9.1/xmlunit-core-2.9.1.jar:"/>
    <property name="java.vm.vendor" value="Oracle Corporation"/>
    <property name="sun.arch.data.model" value="64"/>
    <property name="java.vendor.url" value="https://java.oracle.com/"/>
    <property name="user.timezone" value="America/Mexico_City"/>
    <property name="org.jboss.logging.provider" value="slf4j"/>
    <property name="os.name" value="Mac OS X"/>
    <property name="java.vm.specification.version" value="21"/>
    <property name="sun.java.launcher" value="SUN_STANDARD"/>
    <property name="user.country" value="MX"/>
    <property name="sun.boot.library.path" value="/Users/rextro/Library/Java/JavaVirtualMachines/openjdk-21.0.1/Contents/Home/lib"/>
    <property name="sun.java.command" value="/Users/rextro/Documents/Github Repository/Microservices SpringBoot/config-server/target/surefire/surefirebooter-20240111102001998_3.jar /Users/rextro/Documents/Github Repository/Microservices SpringBoot/config-server/target/surefire 2024-01-11T10-20-01_903-jvmRun1 surefire-20240111102001998_1tmp surefire_0-20240111102001998_2tmp"/>
    <property name="http.nonProxyHosts" value="local|*.local|169.254/16|*.169.254/16"/>
    <property name="jdk.debug" value="release"/>
    <property name="surefire.test.class.path" value="/Users/rextro/Documents/Github Repository/Microservices SpringBoot/config-server/target/test-classes:/Users/rextro/Documents/Github Repository/Microservices SpringBoot/config-server/target/classes:/Users/rextro/.m2/repository/org/springframework/cloud/spring-cloud-config-server/4.0.4/spring-cloud-config-server-4.0.4.jar:/Users/rextro/.m2/repository/org/springframework/cloud/spring-cloud-config-client/4.0.4/spring-cloud-config-client-4.0.4.jar:/Users/rextro/.m2/repository/org/springframework/boot/spring-boot-autoconfigure/3.1.7/spring-boot-autoconfigure-3.1.7.jar:/Users/rextro/.m2/repository/org/springframework/cloud/spring-cloud-commons/4.0.4/spring-cloud-commons-4.0.4.jar:/Users/rextro/.m2/repository/org/springframework/cloud/spring-cloud-context/4.0.4/spring-cloud-context-4.0.4.jar:/Users/rextro/.m2/repository/org/springframework/spring-web/6.0.15/spring-web-6.0.15.jar:/Users/rextro/.m2/repository/org/springframework/spring-beans/6.0.15/spring-beans-6.0.15.jar:/Users/rextro/.m2/repository/com/fasterxml/jackson/core/jackson-annotations/2.15.3/jackson-annotations-2.15.3.jar:/Users/rextro/.m2/repository/com/fasterxml/jackson/core/jackson-databind/2.15.3/jackson-databind-2.15.3.jar:/Users/rextro/.m2/repository/io/micrometer/micrometer-observation/1.11.7/micrometer-observation-1.11.7.jar:/Users/rextro/.m2/repository/io/micrometer/micrometer-commons/1.11.7/micrometer-commons-1.11.7.jar:/Users/rextro/.m2/repository/org/springframework/boot/spring-boot-starter-web/3.1.7/spring-boot-starter-web-3.1.7.jar:/Users/rextro/.m2/repository/org/springframework/boot/spring-boot-starter-json/3.1.7/spring-boot-starter-json-3.1.7.jar:/Users/rextro/.m2/repository/com/fasterxml/jackson/datatype/jackson-datatype-jdk8/2.15.3/jackson-datatype-jdk8-2.15.3.jar:/Users/rextro/.m2/repository/com/fasterxml/jackson/datatype/jackson-datatype-jsr310/2.15.3/jackson-datatype-jsr310-2.15.3.jar:/Users/rextro/.m2/repository/com/fasterxml/jackson/module/jackson-module-parameter-names/2.15.3/jackson-module-parameter-names-2.15.3.jar:/Users/rextro/.m2/repository/org/springframework/boot/spring-boot-starter-tomcat/3.1.7/spring-boot-starter-tomcat-3.1.7.jar:/Users/rextro/.m2/repository/org/apache/tomcat/embed/tomcat-embed-core/10.1.17/tomcat-embed-core-10.1.17.jar:/Users/rextro/.m2/repository/org/apache/tomcat/embed/tomcat-embed-websocket/10.1.17/tomcat-embed-websocket-10.1.17.jar:/Users/rextro/.m2/repository/org/springframework/spring-webmvc/6.0.15/spring-webmvc-6.0.15.jar:/Users/rextro/.m2/repository/org/springframework/spring-aop/6.0.15/spring-aop-6.0.15.jar:/Users/rextro/.m2/repository/org/springframework/spring-context/6.0.15/spring-context-6.0.15.jar:/Users/rextro/.m2/repository/org/springframework/spring-expression/6.0.15/spring-expression-6.0.15.jar:/Users/rextro/.m2/repository/org/springframework/boot/spring-boot-starter-validation/3.1.7/spring-boot-starter-validation-3.1.7.jar:/Users/rextro/.m2/repository/org/apache/tomcat/embed/tomcat-embed-el/10.1.17/tomcat-embed-el-10.1.17.jar:/Users/rextro/.m2/repository/org/hibernate/validator/hibernate-validator/8.0.1.Final/hibernate-validator-8.0.1.Final.jar:/Users/rextro/.m2/repository/jakarta/validation/jakarta.validation-api/3.0.2/jakarta.validation-api-3.0.2.jar:/Users/rextro/.m2/repository/org/jboss/logging/jboss-logging/3.5.3.Final/jboss-logging-3.5.3.Final.jar:/Users/rextro/.m2/repository/com/fasterxml/classmate/1.5.1/classmate-1.5.1.jar:/Users/rextro/.m2/repository/org/springframework/security/spring-security-crypto/6.1.6/spring-security-crypto-6.1.6.jar:/Users/rextro/.m2/repository/org/springframework/security/spring-security-rsa/1.0.12.RELEASE/spring-security-rsa-1.0.12.RELEASE.jar:/Users/rextro/.m2/repository/org/bouncycastle/bcpkix-jdk18on/1.73/bcpkix-jdk18on-1.73.jar:/Users/rextro/.m2/repository/org/bouncycastle/bcprov-jdk18on/1.73/bcprov-jdk18on-1.73.jar:/Users/rextro/.m2/repository/org/bouncycastle/bcutil-jdk18on/1.73/bcutil-jdk18on-1.73.jar:/Users/rextro/.m2/repository/org/apache/httpcomponents/client5/httpclient5/5.2.3/httpclient5-5.2.3.jar:/Users/rextro/.m2/repository/org/apache/httpcomponents/core5/httpcore5/5.2.4/httpcore5-5.2.4.jar:/Users/rextro/.m2/repository/org/apache/httpcomponents/core5/httpcore5-h2/5.2.4/httpcore5-h2-5.2.4.jar:/Users/rextro/.m2/repository/org/slf4j/slf4j-api/2.0.9/slf4j-api-2.0.9.jar:/Users/rextro/.m2/repository/org/eclipse/jgit/org.eclipse.jgit/6.4.0.202211300538-r/org.eclipse.jgit-6.4.0.202211300538-r.jar:/Users/rextro/.m2/repository/com/googlecode/javaewah/JavaEWAH/1.1.13/JavaEWAH-1.1.13.jar:/Users/rextro/.m2/repository/org/eclipse/jgit/org.eclipse.jgit.http.apache/6.4.0.202211300538-r/org.eclipse.jgit.http.apache-6.4.0.202211300538-r.jar:/Users/rextro/.m2/repository/org/apache/httpcomponents/httpclient/4.5.13/httpclient-4.5.13.jar:/Users/rextro/.m2/repository/commons-logging/commons-logging/1.2/commons-logging-1.2.jar:/Users/rextro/.m2/repository/commons-codec/commons-codec/1.15/commons-codec-1.15.jar:/Users/rextro/.m2/repository/org/apache/httpcomponents/httpcore/4.4.16/httpcore-4.4.16.jar:/Users/rextro/.m2/repository/org/eclipse/jgit/org.eclipse.jgit.ssh.apache/6.4.0.202211300538-r/org.eclipse.jgit.ssh.apache-6.4.0.202211300538-r.jar:/Users/rextro/.m2/repository/org/apache/sshd/sshd-osgi/2.9.2/sshd-osgi-2.9.2.jar:/Users/rextro/.m2/repository/org/slf4j/jcl-over-slf4j/2.0.9/jcl-over-slf4j-2.0.9.jar:/Users/rextro/.m2/repository/org/apache/sshd/sshd-sftp/2.9.2/sshd-sftp-2.9.2.jar:/Users/rextro/.m2/repository/org/apache/sshd/sshd-core/2.9.2/sshd-core-2.9.2.jar:/Users/rextro/.m2/repository/org/apache/sshd/sshd-common/2.9.2/sshd-common-2.9.2.jar:/Users/rextro/.m2/repository/net/i2p/crypto/eddsa/0.3.0/eddsa-0.3.0.jar:/Users/rextro/.m2/repository/org/yaml/snakeyaml/1.33/snakeyaml-1.33.jar:/Users/rextro/.m2/repository/com/fasterxml/jackson/dataformat/jackson-dataformat-yaml/2.15.3/jackson-dataformat-yaml-2.15.3.jar:/Users/rextro/.m2/repository/com/fasterxml/jackson/core/jackson-core/2.15.3/jackson-core-2.15.3.jar:/Users/rextro/.m2/repository/org/springframework/boot/spring-boot-starter-test/3.1.7/spring-boot-starter-test-3.1.7.jar:/Users/rextro/.m2/repository/org/springframework/boot/spring-boot-starter/3.1.7/spring-boot-starter-3.1.7.jar:/Users/rextro/.m2/repository/org/springframework/boot/spring-boot/3.1.7/spring-boot-3.1.7.jar:/Users/rextro/.m2/repository/org/springframework/boot/spring-boot-starter-logging/3.1.7/spring-boot-starter-logging-3.1.7.jar:/Users/rextro/.m2/repository/ch/qos/logback/logback-classic/1.4.14/logback-classic-1.4.14.jar:/Users/rextro/.m2/repository/ch/qos/logback/logback-core/1.4.14/logback-core-1.4.14.jar:/Users/rextro/.m2/repository/org/apache/logging/log4j/log4j-to-slf4j/2.20.0/log4j-to-slf4j-2.20.0.jar:/Users/rextro/.m2/repository/org/apache/logging/log4j/log4j-api/2.20.0/log4j-api-2.20.0.jar:/Users/rextro/.m2/repository/org/slf4j/jul-to-slf4j/2.0.9/jul-to-slf4j-2.0.9.jar:/Users/rextro/.m2/repository/jakarta/annotation/jakarta.annotation-api/2.1.1/jakarta.annotation-api-2.1.1.jar:/Users/rextro/.m2/repository/org/springframework/boot/spring-boot-test/3.1.7/spring-boot-test-3.1.7.jar:/Users/rextro/.m2/repository/org/springframework/boot/spring-boot-test-autoconfigure/3.1.7/spring-boot-test-autoconfigure-3.1.7.jar:/Users/rextro/.m2/repository/com/jayway/jsonpath/json-path/2.8.0/json-path-2.8.0.jar:/Users/rextro/.m2/repository/jakarta/xml/bind/jakarta.xml.bind-api/4.0.1/jakarta.xml.bind-api-4.0.1.jar:/Users/rextro/.m2/repository/jakarta/activation/jakarta.activation-api/2.1.2/jakarta.activation-api-2.1.2.jar:/Users/rextro/.m2/repository/net/minidev/json-smart/2.4.11/json-smart-2.4.11.jar:/Users/rextro/.m2/repository/net/minidev/accessors-smart/2.4.11/accessors-smart-2.4.11.jar:/Users/rextro/.m2/repository/org/ow2/asm/asm/9.3/asm-9.3.jar:/Users/rextro/.m2/repository/org/assertj/assertj-core/3.24.2/assertj-core-3.24.2.jar:/Users/rextro/.m2/repository/net/bytebuddy/byte-buddy/1.14.10/byte-buddy-1.14.10.jar:/Users/rextro/.m2/repository/org/hamcrest/hamcrest/2.2/hamcrest-2.2.jar:/Users/rextro/.m2/repository/org/junit/jupiter/junit-jupiter/5.9.3/junit-jupiter-5.9.3.jar:/Users/rextro/.m2/repository/org/junit/jupiter/junit-jupiter-api/5.9.3/junit-jupiter-api-5.9.3.jar:/Users/rextro/.m2/repository/org/opentest4j/opentest4j/1.2.0/opentest4j-1.2.0.jar:/Users/rextro/.m2/repository/org/junit/platform/junit-platform-commons/1.9.3/junit-platform-commons-1.9.3.jar:/Users/rextro/.m2/repository/org/apiguardian/apiguardian-api/1.1.2/apiguardian-api-1.1.2.jar:/Users/rextro/.m2/repository/org/junit/jupiter/junit-jupiter-params/5.9.3/junit-jupiter-params-5.9.3.jar:/Users/rextro/.m2/repository/org/junit/jupiter/junit-jupiter-engine/5.9.3/junit-jupiter-engine-5.9.3.jar:/Users/rextro/.m2/repository/org/junit/platform/junit-platform-engine/1.9.3/junit-platform-engine-1.9.3.jar:/Users/rextro/.m2/repository/org/mockito/mockito-core/5.3.1/mockito-core-5.3.1.jar:/Users/rextro/.m2/repository/net/bytebuddy/byte-buddy-agent/1.14.10/byte-buddy-agent-1.14.10.jar:/Users/rextro/.m2/repository/org/objenesis/objenesis/3.3/objenesis-3.3.jar:/Users/rextro/.m2/repository/org/mockito/mockito-junit-jupiter/5.3.1/mockito-junit-jupiter-5.3.1.jar:/Users/rextro/.m2/repository/org/skyscreamer/jsonassert/1.5.1/jsonassert-1.5.1.jar:/Users/rextro/.m2/repository/com/vaadin/external/google/android-json/0.0.20131108.vaadin1/android-json-0.0.20131108.vaadin1.jar:/Users/rextro/.m2/repository/org/springframework/spring-core/6.0.15/spring-core-6.0.15.jar:/Users/rextro/.m2/repository/org/springframework/spring-jcl/6.0.15/spring-jcl-6.0.15.jar:/Users/rextro/.m2/repository/org/springframework/spring-test/6.0.15/spring-test-6.0.15.jar:/Users/rextro/.m2/repository/org/xmlunit/xmlunit-core/2.9.1/xmlunit-core-2.9.1.jar:"/>
    <property name="sun.cpu.endian" value="little"/>
    <property name="user.home" value="/Users/rextro"/>
    <property name="user.language" value="es"/>
    <property name="java.specification.vendor" value="Oracle Corporation"/>
    <property name="java.version.date" value="2023-10-17"/>
    <property name="java.home" value="/Users/rextro/Library/Java/JavaVirtualMachines/openjdk-21.0.1/Contents/Home"/>
    <property name="file.separator" value="/"/>
    <property name="basedir" value="/Users/rextro/Documents/Github Repository/Microservices SpringBoot/config-server"/>
    <property name="java.vm.compressedOopsMode" value="Zero based"/>
    <property name="line.separator" value="&#10;"/>
    <property name="java.vm.specification.vendor" value="Oracle Corporation"/>
    <property name="java.specification.name" value="Java Platform API Specification"/>
    <property name="FILE_LOG_CHARSET" value="UTF-8"/>
    <property name="java.awt.headless" value="true"/>
    <property name="apple.awt.application.name" value="ForkedBooter"/>
    <property name="surefire.real.class.path" value="/Users/rextro/Documents/Github Repository/Microservices SpringBoot/config-server/target/surefire/surefirebooter-20240111102001998_3.jar"/>
    <property name="sun.management.compiler" value="HotSpot 64-Bit Tiered Compilers"/>
    <property name="ftp.nonProxyHosts" value="local|*.local|169.254/16|*.169.254/16"/>
    <property name="java.runtime.version" value="21.0.1+12-29"/>
    <property name="user.name" value="rextro"/>
    <property name="stdout.encoding" value="US-ASCII"/>
    <property name="path.separator" value=":"/>
    <property name="os.version" value="14.2.1"/>
    <property name="java.runtime.name" value="OpenJDK Runtime Environment"/>
    <property name="file.encoding" value="UTF-8"/>
    <property name="java.vm.name" value="OpenJDK 64-Bit Server VM"/>
    <property name="localRepository" value="/Users/rextro/.m2/repository"/>
    <property name="java.vendor.url.bug" value="https://bugreport.java.com/bugreport/"/>
    <property name="java.io.tmpdir" value="/var/folders/c2/1zklmd950m55c1zxcb4lxb5h0000gn/T/"/>
    <property name="idea.version" value="2023.3.2"/>
    <property name="java.version" value="21.0.1"/>
    <property name="user.dir" value="/Users/rextro/Documents/Github Repository/Microservices SpringBoot/config-server"/>
    <property name="os.arch" value="x86_64"/>
    <property name="java.vm.specification.name" value="Java Virtual Machine Specification"/>
    <property name="PID" value="10145"/>
    <property name="CONSOLE_LOG_CHARSET" value="UTF-8"/>
    <property name="native.encoding" value="US-ASCII"/>
    <property name="java.library.path" value="/Users/rextro/Library/Java/Extensions:/Library/Java/Extensions:/Network/Library/Java/Extensions:/System/Library/Java/Extensions:/usr/lib/java:."/>
    <property name="java.vm.info" value="mixed mode, sharing"/>
    <property name="stderr.encoding" value="US-ASCII"/>
    <property name="java.vendor" value="Oracle Corporation"/>
    <property name="java.vm.version" value="21.0.1+12-29"/>
    <property name="sun.io.unicode.encoding" value="UnicodeBig"/>
    <property name="socksNonProxyHosts" value="local|*.local|169.254/16|*.169.254/16"/>
    <property name="java.class.version" value="65.0"/>
  </properties>
  <testcase name="contextLoads" classname="com.example.configserver.ConfigServerApplicationTests" time="0.924">
    <system-out><![CDATA[10:20:02.772 [main] INFO org.springframework.test.context.support.AnnotationConfigContextLoaderUtils -- Could not detect default configuration classes for test class [com.example.configserver.ConfigServerApplicationTests]: ConfigServerApplicationTests does not declare any static, non-private, non-final, nested classes annotated with @Configuration.
10:20:02.865 [main] INFO org.springframework.boot.test.context.SpringBootTestContextBootstrapper -- Found @SpringBootConfiguration com.example.configserver.ConfigServerApplication for test class com.example.configserver.ConfigServerApplicationTests

  .   ____          _            __ _ _
 /\\ / ___'_ __ _ _(_)_ __  __ _ \ \ \ \
( ( )\___ | '_ | '_| | '_ \/ _` | \ \ \ \
 \\/  ___)| |_)| | | | | || (_| |  ) ) ) )
  '  |____| .__|_| |_|_| |_\__, | / / / /
 =========|_|==============|___/=/_/_/_/
 :: Spring Boot ::                (v3.1.7)

2024-01-11T10:20:03.329-06:00  INFO 10145 --- [           main] c.e.c.ConfigServerApplicationTests       : Starting ConfigServerApplicationTests using Java 21.0.1 with PID 10145 (started by rextro in /Users/rextro/Documents/Github Repository/Microservices SpringBoot/config-server)
2024-01-11T10:20:03.331-06:00  INFO 10145 --- [           main] c.e.c.ConfigServerApplicationTests       : The following 1 profile is active: "native"
2024-01-11T10:20:04.123-06:00  INFO 10145 --- [           main] o.s.cloud.context.scope.GenericScope     : BeanFactory id=f360dc2c-f9b5-3458-8f86-aabdf20b90b8
2024-01-11T10:20:04.892-06:00  INFO 10145 --- [           main] c.e.c.ConfigServerApplicationTests       : Started ConfigServerApplicationTests in 1.894 seconds (process running for 2.807)
]]></system-out>
    <system-err><![CDATA[WARNING: A Java agent has been loaded dynamically (/Users/rextro/.m2/repository/net/bytebuddy/byte-buddy-agent/1.14.10/byte-buddy-agent-1.14.10.jar)
WARNING: If a serviceability tool is in use, please run with -XX:+EnableDynamicAgentLoading to hide this warning
WARNING: If a serviceability tool is not in use, please run with -Djdk.instrument.traceUsage for more information
WARNING: Dynamic loading of agents will be disallowed by default in a future release
]]></system-err>
  </testcase>
</testsuite>